{"/Users/shidqi/WebstormProjects/auth-api-rework/src/Applications/security/PasswordHash.js": {"path":"/Users/shidqi/WebstormProjects/auth-api-rework/src/Applications/security/PasswordHash.js","statementMap":{"0":{"start":{"line":3,"column":2},"end":{"line":3,"column":57}},"1":{"start":{"line":7,"column":0},"end":{"line":7,"column":29}}},"fnMap":{"0":{"name":"(anonymous_0)","decl":{"start":{"line":2,"column":1},"end":{"line":2,"column":2}},"loc":{"start":{"line":2,"column":22},"end":{"line":4,"column":2}},"line":2}},"branchMap":{},"s":{"0":1,"1":4},"f":{"0":1},"b":{},"_coverageSchema":"1a1c01bbd47fc00a2c39e90264f33305004495a9","hash":"e3a7baac61870ed487d28eaea741d216c0c0d098"}
,"/Users/shidqi/WebstormProjects/auth-api-rework/src/Applications/use_cases/AddUserUseCase.js": {"path":"/Users/shidqi/WebstormProjects/auth-api-rework/src/Applications/use_cases/AddUserUseCase.js","statementMap":{"0":{"start":{"line":1,"column":21},"end":{"line":1,"column":73}},"1":{"start":{"line":5,"column":2},"end":{"line":5,"column":39}},"2":{"start":{"line":6,"column":2},"end":{"line":6,"column":35}},"3":{"start":{"line":10,"column":23},"end":{"line":10,"column":55}},"4":{"start":{"line":11,"column":2},"end":{"line":11,"column":75}},"5":{"start":{"line":12,"column":2},"end":{"line":12,"column":78}},"6":{"start":{"line":13,"column":2},"end":{"line":13,"column":51}},"7":{"start":{"line":17,"column":0},"end":{"line":17,"column":31}}},"fnMap":{"0":{"name":"(anonymous_0)","decl":{"start":{"line":4,"column":1},"end":{"line":4,"column":2}},"loc":{"start":{"line":4,"column":45},"end":{"line":7,"column":2}},"line":4},"1":{"name":"(anonymous_1)","decl":{"start":{"line":9,"column":1},"end":{"line":9,"column":2}},"loc":{"start":{"line":9,"column":31},"end":{"line":14,"column":2}},"line":9}},"branchMap":{},"s":{"0":2,"1":2,"2":2,"3":2,"4":2,"5":2,"6":2,"7":2},"f":{"0":2,"1":2},"b":{},"_coverageSchema":"1a1c01bbd47fc00a2c39e90264f33305004495a9","hash":"64a2112b6cf7efa1744510d75a9efb4b6adb5cab"}
,"/Users/shidqi/WebstormProjects/auth-api-rework/src/Commons/exceptions/AuthenticationError.js": {"path":"/Users/shidqi/WebstormProjects/auth-api-rework/src/Commons/exceptions/AuthenticationError.js","statementMap":{"0":{"start":{"line":1,"column":20},"end":{"line":1,"column":44}},"1":{"start":{"line":5,"column":2},"end":{"line":5,"column":21}},"2":{"start":{"line":6,"column":2},"end":{"line":6,"column":35}},"3":{"start":{"line":10,"column":0},"end":{"line":10,"column":36}}},"fnMap":{"0":{"name":"(anonymous_0)","decl":{"start":{"line":4,"column":1},"end":{"line":4,"column":2}},"loc":{"start":{"line":4,"column":22},"end":{"line":7,"column":2}},"line":4}},"branchMap":{},"s":{"0":1,"1":1,"2":1,"3":1},"f":{"0":1},"b":{},"_coverageSchema":"1a1c01bbd47fc00a2c39e90264f33305004495a9","hash":"0170f641549445e97c9883fc9f6b286fe1d91ce4"}
,"/Users/shidqi/WebstormProjects/auth-api-rework/src/Commons/exceptions/ClientError.js": {"path":"/Users/shidqi/WebstormProjects/auth-api-rework/src/Commons/exceptions/ClientError.js","statementMap":{"0":{"start":{"line":3,"column":2},"end":{"line":3,"column":16}},"1":{"start":{"line":5,"column":2},"end":{"line":7,"column":3}},"2":{"start":{"line":6,"column":3},"end":{"line":6,"column":55}},"3":{"start":{"line":9,"column":2},"end":{"line":9,"column":30}},"4":{"start":{"line":10,"column":2},"end":{"line":10,"column":27}},"5":{"start":{"line":14,"column":0},"end":{"line":14,"column":28}}},"fnMap":{"0":{"name":"(anonymous_0)","decl":{"start":{"line":2,"column":1},"end":{"line":2,"column":2}},"loc":{"start":{"line":2,"column":40},"end":{"line":11,"column":2}},"line":2}},"branchMap":{"0":{"loc":{"start":{"line":2,"column":22},"end":{"line":2,"column":38}},"type":"default-arg","locations":[{"start":{"line":2,"column":35},"end":{"line":2,"column":38}}],"line":2},"1":{"loc":{"start":{"line":5,"column":2},"end":{"line":7,"column":3}},"type":"if","locations":[{"start":{"line":5,"column":2},"end":{"line":7,"column":3}},{"start":{},"end":{}}],"line":5}},"s":{"0":5,"1":5,"2":1,"3":4,"4":4,"5":6},"f":{"0":5},"b":{"0":[3],"1":[1,4]},"_coverageSchema":"1a1c01bbd47fc00a2c39e90264f33305004495a9","hash":"3ba18023b91a681c236cc6f5463390106a2da225"}
,"/Users/shidqi/WebstormProjects/auth-api-rework/src/Commons/exceptions/InvariantError.js": {"path":"/Users/shidqi/WebstormProjects/auth-api-rework/src/Commons/exceptions/InvariantError.js","statementMap":{"0":{"start":{"line":1,"column":20},"end":{"line":1,"column":44}},"1":{"start":{"line":5,"column":2},"end":{"line":5,"column":16}},"2":{"start":{"line":6,"column":2},"end":{"line":6,"column":30}},"3":{"start":{"line":10,"column":0},"end":{"line":10,"column":31}}},"fnMap":{"0":{"name":"(anonymous_0)","decl":{"start":{"line":4,"column":1},"end":{"line":4,"column":2}},"loc":{"start":{"line":4,"column":22},"end":{"line":7,"column":2}},"line":4}},"branchMap":{},"s":{"0":3,"1":2,"2":2,"3":3},"f":{"0":2},"b":{},"_coverageSchema":"1a1c01bbd47fc00a2c39e90264f33305004495a9","hash":"abfb57d0ef970be21fc6b7f80d7978bb28cbd86d"}
,"/Users/shidqi/WebstormProjects/auth-api-rework/src/Commons/exceptions/NotFoundError.js": {"path":"/Users/shidqi/WebstormProjects/auth-api-rework/src/Commons/exceptions/NotFoundError.js","statementMap":{"0":{"start":{"line":1,"column":20},"end":{"line":1,"column":44}},"1":{"start":{"line":5,"column":2},"end":{"line":5,"column":21}},"2":{"start":{"line":6,"column":2},"end":{"line":6,"column":29}},"3":{"start":{"line":10,"column":0},"end":{"line":10,"column":30}}},"fnMap":{"0":{"name":"(anonymous_0)","decl":{"start":{"line":4,"column":1},"end":{"line":4,"column":2}},"loc":{"start":{"line":4,"column":22},"end":{"line":7,"column":2}},"line":4}},"branchMap":{},"s":{"0":1,"1":1,"2":1,"3":1},"f":{"0":1},"b":{},"_coverageSchema":"1a1c01bbd47fc00a2c39e90264f33305004495a9","hash":"0e821eec731d3f69255f94c436a59bcad9d18723"}
,"/Users/shidqi/WebstormProjects/auth-api-rework/src/Domains/users/UserRepository.js": {"path":"/Users/shidqi/WebstormProjects/auth-api-rework/src/Domains/users/UserRepository.js","statementMap":{"0":{"start":{"line":3,"column":2},"end":{"line":3,"column":59}},"1":{"start":{"line":7,"column":2},"end":{"line":7,"column":59}},"2":{"start":{"line":11,"column":0},"end":{"line":11,"column":31}}},"fnMap":{"0":{"name":"(anonymous_0)","decl":{"start":{"line":2,"column":1},"end":{"line":2,"column":2}},"loc":{"start":{"line":2,"column":29},"end":{"line":4,"column":2}},"line":2},"1":{"name":"(anonymous_1)","decl":{"start":{"line":6,"column":1},"end":{"line":6,"column":2}},"loc":{"start":{"line":6,"column":41},"end":{"line":8,"column":2}},"line":6}},"branchMap":{},"s":{"0":1,"1":1,"2":4},"f":{"0":1,"1":1},"b":{},"_coverageSchema":"1a1c01bbd47fc00a2c39e90264f33305004495a9","hash":"be8de1398f6f3fe4abd7d32fd86face0bb184c55"}
,"/Users/shidqi/WebstormProjects/auth-api-rework/src/Domains/users/entities/RegisterUser.js": {"path":"/Users/shidqi/WebstormProjects/auth-api-rework/src/Domains/users/entities/RegisterUser.js","statementMap":{"0":{"start":{"line":3,"column":2},"end":{"line":3,"column":30}},"1":{"start":{"line":4,"column":43},"end":{"line":4,"column":50}},"2":{"start":{"line":5,"column":2},"end":{"line":5,"column":26}},"3":{"start":{"line":6,"column":2},"end":{"line":6,"column":26}},"4":{"start":{"line":7,"column":2},"end":{"line":7,"column":26}},"5":{"start":{"line":11,"column":2},"end":{"line":13,"column":3}},"6":{"start":{"line":12,"column":3},"end":{"line":12,"column":65}},"7":{"start":{"line":15,"column":2},"end":{"line":17,"column":3}},"8":{"start":{"line":16,"column":3},"end":{"line":16,"column":53}},"9":{"start":{"line":19,"column":2},"end":{"line":21,"column":3}},"10":{"start":{"line":20,"column":3},"end":{"line":20,"column":63}},"11":{"start":{"line":23,"column":2},"end":{"line":25,"column":3}},"12":{"start":{"line":24,"column":3},"end":{"line":24,"column":69}},"13":{"start":{"line":28,"column":0},"end":{"line":28,"column":29}}},"fnMap":{"0":{"name":"(anonymous_0)","decl":{"start":{"line":2,"column":1},"end":{"line":2,"column":2}},"loc":{"start":{"line":2,"column":22},"end":{"line":8,"column":2}},"line":2},"1":{"name":"(anonymous_1)","decl":{"start":{"line":10,"column":1},"end":{"line":10,"column":2}},"loc":{"start":{"line":10,"column":48},"end":{"line":26,"column":2}},"line":10}},"branchMap":{"0":{"loc":{"start":{"line":11,"column":2},"end":{"line":13,"column":3}},"type":"if","locations":[{"start":{"line":11,"column":2},"end":{"line":13,"column":3}},{"start":{},"end":{}}],"line":11},"1":{"loc":{"start":{"line":11,"column":6},"end":{"line":11,"column":41}},"type":"binary-expr","locations":[{"start":{"line":11,"column":6},"end":{"line":11,"column":15}},{"start":{"line":11,"column":19},"end":{"line":11,"column":28}},{"start":{"line":11,"column":32},"end":{"line":11,"column":41}}],"line":11},"2":{"loc":{"start":{"line":15,"column":2},"end":{"line":17,"column":3}},"type":"if","locations":[{"start":{"line":15,"column":2},"end":{"line":17,"column":3}},{"start":{},"end":{}}],"line":15},"3":{"loc":{"start":{"line":15,"column":6},"end":{"line":15,"column":98}},"type":"binary-expr","locations":[{"start":{"line":15,"column":6},"end":{"line":15,"column":34}},{"start":{"line":15,"column":38},"end":{"line":15,"column":66}},{"start":{"line":15,"column":70},"end":{"line":15,"column":98}}],"line":15},"4":{"loc":{"start":{"line":19,"column":2},"end":{"line":21,"column":3}},"type":"if","locations":[{"start":{"line":19,"column":2},"end":{"line":21,"column":3}},{"start":{},"end":{}}],"line":19},"5":{"loc":{"start":{"line":23,"column":2},"end":{"line":25,"column":3}},"type":"if","locations":[{"start":{"line":23,"column":2},"end":{"line":25,"column":3}},{"start":{},"end":{}}],"line":23}},"s":{"0":10,"1":6,"2":6,"3":6,"4":6,"5":10,"6":1,"7":9,"8":1,"9":8,"10":1,"11":7,"12":1,"13":4},"f":{"0":10,"1":10},"b":{"0":[1,9],"1":[10,9,9],"2":[1,8],"3":[9,8,8],"4":[1,7],"5":[1,6]},"_coverageSchema":"1a1c01bbd47fc00a2c39e90264f33305004495a9","hash":"449b7e696f830b5dba3677a2ec16bfdcc0143633"}
,"/Users/shidqi/WebstormProjects/auth-api-rework/src/Domains/users/entities/RegisteredUser.js": {"path":"/Users/shidqi/WebstormProjects/auth-api-rework/src/Domains/users/entities/RegisteredUser.js","statementMap":{"0":{"start":{"line":3,"column":2},"end":{"line":3,"column":30}},"1":{"start":{"line":4,"column":35},"end":{"line":4,"column":42}},"2":{"start":{"line":5,"column":2},"end":{"line":5,"column":14}},"3":{"start":{"line":6,"column":2},"end":{"line":6,"column":26}},"4":{"start":{"line":7,"column":2},"end":{"line":7,"column":26}},"5":{"start":{"line":11,"column":2},"end":{"line":13,"column":3}},"6":{"start":{"line":12,"column":3},"end":{"line":12,"column":67}},"7":{"start":{"line":15,"column":2},"end":{"line":17,"column":3}},"8":{"start":{"line":16,"column":3},"end":{"line":16,"column":55}},"9":{"start":{"line":21,"column":0},"end":{"line":21,"column":31}}},"fnMap":{"0":{"name":"(anonymous_0)","decl":{"start":{"line":2,"column":1},"end":{"line":2,"column":2}},"loc":{"start":{"line":2,"column":22},"end":{"line":8,"column":2}},"line":2},"1":{"name":"(anonymous_1)","decl":{"start":{"line":10,"column":1},"end":{"line":10,"column":2}},"loc":{"start":{"line":10,"column":42},"end":{"line":18,"column":2}},"line":10}},"branchMap":{"0":{"loc":{"start":{"line":11,"column":2},"end":{"line":13,"column":3}},"type":"if","locations":[{"start":{"line":11,"column":2},"end":{"line":13,"column":3}},{"start":{},"end":{}}],"line":11},"1":{"loc":{"start":{"line":11,"column":6},"end":{"line":11,"column":35}},"type":"binary-expr","locations":[{"start":{"line":11,"column":6},"end":{"line":11,"column":9}},{"start":{"line":11,"column":13},"end":{"line":11,"column":22}},{"start":{"line":11,"column":26},"end":{"line":11,"column":35}}],"line":11},"2":{"loc":{"start":{"line":15,"column":2},"end":{"line":17,"column":3}},"type":"if","locations":[{"start":{"line":15,"column":2},"end":{"line":17,"column":3}},{"start":{},"end":{}}],"line":15},"3":{"loc":{"start":{"line":15,"column":6},"end":{"line":15,"column":92}},"type":"binary-expr","locations":[{"start":{"line":15,"column":6},"end":{"line":15,"column":28}},{"start":{"line":15,"column":32},"end":{"line":15,"column":60}},{"start":{"line":15,"column":64},"end":{"line":15,"column":92}}],"line":15}},"s":{"0":8,"1":6,"2":6,"3":6,"4":6,"5":8,"6":1,"7":7,"8":1,"9":4},"f":{"0":8,"1":8},"b":{"0":[1,7],"1":[8,7,7],"2":[1,6],"3":[7,6,6]},"_coverageSchema":"1a1c01bbd47fc00a2c39e90264f33305004495a9","hash":"953d287fca1cab9213ace27dc1112d3de3e26ecc"}
,"/Users/shidqi/WebstormProjects/auth-api-rework/src/Infrastructures/http/createServer.js": {"path":"/Users/shidqi/WebstormProjects/auth-api-rework/src/Infrastructures/http/createServer.js","statementMap":{"0":{"start":{"line":2,"column":13},"end":{"line":2,"column":34}},"1":{"start":{"line":3,"column":14},"end":{"line":3,"column":56}},"2":{"start":{"line":4,"column":21},"end":{"line":17,"column":1}},"3":{"start":{"line":5,"column":16},"end":{"line":8,"column":3}},"4":{"start":{"line":10,"column":1},"end":{"line":15,"column":3}},"5":{"start":{"line":16,"column":1},"end":{"line":16,"column":14}},"6":{"start":{"line":19,"column":0},"end":{"line":19,"column":29}}},"fnMap":{"0":{"name":"(anonymous_0)","decl":{"start":{"line":4,"column":21},"end":{"line":4,"column":22}},"loc":{"start":{"line":4,"column":42},"end":{"line":17,"column":1}},"line":4}},"branchMap":{},"s":{"0":1,"1":1,"2":1,"3":1,"4":1,"5":1,"6":1},"f":{"0":1},"b":{},"_coverageSchema":"1a1c01bbd47fc00a2c39e90264f33305004495a9","hash":"411b7f49496c9d0255efb946245171e5a4a9c3ab"}
,"/Users/shidqi/WebstormProjects/auth-api-rework/src/Infrastructures/repository/UserRepositoryPostgres.js": {"path":"/Users/shidqi/WebstormProjects/auth-api-rework/src/Infrastructures/repository/UserRepositoryPostgres.js","statementMap":{"0":{"start":{"line":1,"column":23},"end":{"line":1,"column":68}},"1":{"start":{"line":2,"column":23},"end":{"line":2,"column":73}},"2":{"start":{"line":3,"column":23},"end":{"line":3,"column":77}},"3":{"start":{"line":7,"column":2},"end":{"line":7,"column":9}},"4":{"start":{"line":8,"column":2},"end":{"line":8,"column":19}},"5":{"start":{"line":9,"column":2},"end":{"line":9,"column":33}},"6":{"start":{"line":13,"column":16},"end":{"line":16,"column":3}},"7":{"start":{"line":17,"column":17},"end":{"line":17,"column":46}},"8":{"start":{"line":18,"column":2},"end":{"line":20,"column":3}},"9":{"start":{"line":19,"column":3},"end":{"line":19,"column":56}},"10":{"start":{"line":24,"column":41},"end":{"line":24,"column":53}},"11":{"start":{"line":25,"column":13},"end":{"line":25,"column":42}},"12":{"start":{"line":27,"column":16},"end":{"line":30,"column":3}},"13":{"start":{"line":31,"column":17},"end":{"line":31,"column":46}},"14":{"start":{"line":32,"column":2},"end":{"line":32,"column":48}},"15":{"start":{"line":36,"column":0},"end":{"line":36,"column":39}}},"fnMap":{"0":{"name":"(anonymous_0)","decl":{"start":{"line":6,"column":1},"end":{"line":6,"column":2}},"loc":{"start":{"line":6,"column":32},"end":{"line":10,"column":2}},"line":6},"1":{"name":"(anonymous_1)","decl":{"start":{"line":12,"column":1},"end":{"line":12,"column":2}},"loc":{"start":{"line":12,"column":41},"end":{"line":21,"column":2}},"line":12},"2":{"name":"(anonymous_2)","decl":{"start":{"line":23,"column":1},"end":{"line":23,"column":2}},"loc":{"start":{"line":23,"column":29},"end":{"line":33,"column":2}},"line":23}},"branchMap":{"0":{"loc":{"start":{"line":18,"column":2},"end":{"line":20,"column":3}},"type":"if","locations":[{"start":{"line":18,"column":2},"end":{"line":20,"column":3}},{"start":{},"end":{}}],"line":18}},"s":{"0":2,"1":2,"2":2,"3":5,"4":5,"5":5,"6":3,"7":3,"8":3,"9":1,"10":3,"11":3,"12":3,"13":3,"14":2,"15":2},"f":{"0":5,"1":3,"2":3},"b":{"0":[1,2]},"_coverageSchema":"1a1c01bbd47fc00a2c39e90264f33305004495a9","hash":"6c5dfb1032e22da9d223eada355801cccf71862e"}
,"/Users/shidqi/WebstormProjects/auth-api-rework/src/Infrastructures/security/BcryptPasswordHash.js": {"path":"/Users/shidqi/WebstormProjects/auth-api-rework/src/Infrastructures/security/BcryptPasswordHash.js","statementMap":{"0":{"start":{"line":1,"column":21},"end":{"line":1,"column":72}},"1":{"start":{"line":5,"column":2},"end":{"line":5,"column":9}},"2":{"start":{"line":6,"column":2},"end":{"line":6,"column":23}},"3":{"start":{"line":7,"column":2},"end":{"line":7,"column":29}},"4":{"start":{"line":11,"column":2},"end":{"line":11,"column":53}},"5":{"start":{"line":15,"column":0},"end":{"line":15,"column":35}}},"fnMap":{"0":{"name":"(anonymous_0)","decl":{"start":{"line":4,"column":1},"end":{"line":4,"column":2}},"loc":{"start":{"line":4,"column":37},"end":{"line":8,"column":2}},"line":4},"1":{"name":"(anonymous_1)","decl":{"start":{"line":10,"column":1},"end":{"line":10,"column":2}},"loc":{"start":{"line":10,"column":22},"end":{"line":12,"column":2}},"line":10}},"branchMap":{"0":{"loc":{"start":{"line":4,"column":21},"end":{"line":4,"column":35}},"type":"default-arg","locations":[{"start":{"line":4,"column":33},"end":{"line":4,"column":35}}],"line":4}},"s":{"0":2,"1":2,"2":2,"3":2,"4":2,"5":2},"f":{"0":2,"1":2},"b":{"0":[2]},"_coverageSchema":"1a1c01bbd47fc00a2c39e90264f33305004495a9","hash":"3d2ad5ad252450b9ab7c96d44b3d040b92fe9022"}
,"/Users/shidqi/WebstormProjects/auth-api-rework/src/Interfaces/http/api/users/handler.js": {"path":"/Users/shidqi/WebstormProjects/auth-api-rework/src/Interfaces/http/api/users/handler.js","statementMap":{"0":{"start":{"line":1,"column":23},"end":{"line":1,"column":83}},"1":{"start":{"line":5,"column":2},"end":{"line":5,"column":29}},"2":{"start":{"line":9,"column":25},"end":{"line":9,"column":73}},"3":{"start":{"line":10,"column":20},"end":{"line":10,"column":65}},"4":{"start":{"line":12,"column":19},"end":{"line":17,"column":4}},"5":{"start":{"line":18,"column":2},"end":{"line":18,"column":20}},"6":{"start":{"line":19,"column":2},"end":{"line":19,"column":17}},"7":{"start":{"line":23,"column":0},"end":{"line":23,"column":29}}},"fnMap":{"0":{"name":"(anonymous_0)","decl":{"start":{"line":4,"column":1},"end":{"line":4,"column":2}},"loc":{"start":{"line":4,"column":24},"end":{"line":6,"column":2}},"line":4},"1":{"name":"(anonymous_1)","decl":{"start":{"line":8,"column":1},"end":{"line":8,"column":2}},"loc":{"start":{"line":8,"column":35},"end":{"line":20,"column":2}},"line":8}},"branchMap":{},"s":{"0":1,"1":1,"2":1,"3":1,"4":0,"5":0,"6":0,"7":1},"f":{"0":1,"1":1},"b":{},"_coverageSchema":"1a1c01bbd47fc00a2c39e90264f33305004495a9","hash":"4c53fee1f0701ce3e3f10511e1cb50349f1bdc24"}
,"/Users/shidqi/WebstormProjects/auth-api-rework/src/Interfaces/http/api/users/index.js": {"path":"/Users/shidqi/WebstormProjects/auth-api-rework/src/Interfaces/http/api/users/index.js","statementMap":{"0":{"start":{"line":1,"column":15},"end":{"line":1,"column":34}},"1":{"start":{"line":2,"column":21},"end":{"line":2,"column":41}},"2":{"start":{"line":3,"column":0},"end":{"line":9,"column":1}},"3":{"start":{"line":6,"column":23},"end":{"line":6,"column":50}},"4":{"start":{"line":7,"column":2},"end":{"line":7,"column":36}}},"fnMap":{"0":{"name":"(anonymous_0)","decl":{"start":{"line":5,"column":11},"end":{"line":5,"column":12}},"loc":{"start":{"line":5,"column":41},"end":{"line":8,"column":2}},"line":5}},"branchMap":{},"s":{"0":1,"1":1,"2":1,"3":1,"4":1},"f":{"0":1},"b":{},"_coverageSchema":"1a1c01bbd47fc00a2c39e90264f33305004495a9","hash":"0a45ec8fd77c8e3031977b2bad51aa90ac49ccf2"}
,"/Users/shidqi/WebstormProjects/auth-api-rework/src/Interfaces/http/api/users/routes.js": {"path":"/Users/shidqi/WebstormProjects/auth-api-rework/src/Interfaces/http/api/users/routes.js","statementMap":{"0":{"start":{"line":1,"column":15},"end":{"line":7,"column":1}},"1":{"start":{"line":1,"column":28},"end":{"line":7,"column":1}},"2":{"start":{"line":5,"column":27},"end":{"line":5,"column":62}},"3":{"start":{"line":9,"column":0},"end":{"line":9,"column":23}}},"fnMap":{"0":{"name":"(anonymous_0)","decl":{"start":{"line":1,"column":15},"end":{"line":1,"column":16}},"loc":{"start":{"line":1,"column":28},"end":{"line":7,"column":1}},"line":1},"1":{"name":"(anonymous_1)","decl":{"start":{"line":5,"column":11},"end":{"line":5,"column":12}},"loc":{"start":{"line":5,"column":27},"end":{"line":5,"column":62}},"line":5}},"branchMap":{},"s":{"0":1,"1":1,"2":1,"3":1},"f":{"0":1,"1":1},"b":{},"_coverageSchema":"1a1c01bbd47fc00a2c39e90264f33305004495a9","hash":"fc95cc92c7ce39f686e1f2b0f3ef9b8bba8d756c"}
}
