TN:
SF:src/Applications/security/PasswordHash.js
FN:2,(anonymous_0)
FNF:1
FNH:1
FNDA:1,(anonymous_0)
DA:3,1
DA:7,4
LF:2
LH:2
BRF:0
BRH:0
end_of_record
TN:
SF:src/Applications/use_cases/AddUserUseCase.js
FN:4,(anonymous_0)
FN:9,(anonymous_1)
FNF:2
FNH:2
FNDA:2,(anonymous_0)
FNDA:7,(anonymous_1)
DA:1,2
DA:5,2
DA:6,2
DA:10,7
DA:11,3
DA:12,2
DA:13,2
DA:17,2
LF:8
LH:8
BRF:0
BRH:0
end_of_record
TN:
SF:src/Commons/exceptions/AuthenticationError.js
FN:4,(anonymous_0)
FNF:1
FNH:1
FNDA:1,(anonymous_0)
DA:1,1
DA:5,1
DA:6,1
DA:10,1
LF:4
LH:4
BRF:0
BRH:0
end_of_record
TN:
SF:src/Commons/exceptions/ClientError.js
FN:2,(anonymous_0)
FNF:1
FNH:1
FNDA:18,(anonymous_0)
DA:3,18
DA:5,18
DA:6,1
DA:9,17
DA:10,17
DA:14,7
LF:6
LH:6
BRDA:2,0,0,16
BRDA:5,1,0,1
BRDA:5,1,1,17
BRF:3
BRH:3
end_of_record
TN:
SF:src/Commons/exceptions/DomainErrorTranslator.js
FN:3,(anonymous_0)
FNF:1
FNH:1
FNDA:12,(anonymous_0)
DA:1,2
DA:2,2
DA:4,12
DA:8,2
DA:15,2
LF:5
LH:5
BRDA:4,0,0,12
BRDA:4,0,1,4
BRF:2
BRH:2
end_of_record
TN:
SF:src/Commons/exceptions/InvariantError.js
FN:4,(anonymous_0)
FNF:1
FNH:1
FNDA:15,(anonymous_0)
DA:1,4
DA:5,15
DA:6,15
DA:10,4
LF:4
LH:4
BRF:0
BRH:0
end_of_record
TN:
SF:src/Commons/exceptions/NotFoundError.js
FN:4,(anonymous_0)
FNF:1
FNH:1
FNDA:1,(anonymous_0)
DA:1,1
DA:5,1
DA:6,1
DA:10,1
LF:4
LH:4
BRF:0
BRH:0
end_of_record
TN:
SF:src/Domains/users/UserRepository.js
FN:2,(anonymous_0)
FN:6,(anonymous_1)
FNF:2
FNH:2
FNDA:1,(anonymous_0)
FNDA:1,(anonymous_1)
DA:3,1
DA:7,1
DA:11,4
LF:3
LH:3
BRF:0
BRH:0
end_of_record
TN:
SF:src/Domains/users/entities/RegisterUser.js
FN:2,(anonymous_0)
FN:10,(anonymous_1)
FNF:2
FNH:2
FNDA:15,(anonymous_0)
FNDA:15,(anonymous_1)
DA:3,15
DA:4,7
DA:5,7
DA:6,7
DA:7,7
DA:11,15
DA:12,2
DA:15,13
DA:16,2
DA:19,11
DA:20,2
DA:23,9
DA:24,2
DA:28,4
LF:14
LH:14
BRDA:11,0,0,2
BRDA:11,0,1,13
BRDA:11,1,0,15
BRDA:11,1,1,14
BRDA:11,1,2,13
BRDA:15,2,0,2
BRDA:15,2,1,11
BRDA:15,3,0,13
BRDA:15,3,1,12
BRDA:15,3,2,12
BRDA:19,4,0,2
BRDA:19,4,1,9
BRDA:23,5,0,2
BRDA:23,5,1,7
BRF:14
BRH:14
end_of_record
TN:
SF:src/Domains/users/entities/RegisteredUser.js
FN:2,(anonymous_0)
FN:10,(anonymous_1)
FNF:2
FNH:2
FNDA:9,(anonymous_0)
FNDA:9,(anonymous_1)
DA:3,9
DA:4,7
DA:5,7
DA:6,7
DA:7,7
DA:11,9
DA:12,1
DA:15,8
DA:16,1
DA:21,4
LF:10
LH:10
BRDA:11,0,0,1
BRDA:11,0,1,8
BRDA:11,1,0,9
BRDA:11,1,1,8
BRDA:11,1,2,8
BRDA:15,2,0,1
BRDA:15,2,1,7
BRDA:15,3,0,8
BRDA:15,3,1,7
BRDA:15,3,2,7
BRF:10
BRH:10
end_of_record
TN:
SF:src/Infrastructures/http/createServer.js
FN:6,(anonymous_0)
FN:19,(anonymous_1)
FNF:2
FNH:2
FNDA:8,(anonymous_0)
FNDA:8,(anonymous_1)
DA:1,1
DA:2,1
DA:3,1
DA:4,1
DA:5,1
DA:6,1
DA:7,8
DA:12,8
DA:19,8
DA:20,8
DA:21,8
DA:22,7
DA:24,7
DA:25,5
DA:29,5
DA:30,5
DA:33,2
DA:34,1
DA:37,1
DA:41,1
DA:42,1
DA:44,1
DA:47,8
DA:50,1
LF:24
LH:24
BRDA:21,0,0,7
BRDA:21,0,1,1
BRDA:24,1,0,5
BRDA:24,1,1,2
BRDA:33,2,0,1
BRDA:33,2,1,1
BRF:6
BRH:6
end_of_record
TN:
SF:src/Infrastructures/repository/UserRepositoryPostgres.js
FN:6,(anonymous_0)
FN:12,(anonymous_1)
FN:23,(anonymous_2)
FNF:3
FNH:3
FNDA:5,(anonymous_0)
FNDA:4,(anonymous_1)
FNDA:3,(anonymous_2)
DA:1,2
DA:2,2
DA:3,2
DA:7,5
DA:8,5
DA:9,5
DA:13,4
DA:17,4
DA:18,4
DA:19,2
DA:24,3
DA:25,3
DA:27,3
DA:31,3
DA:32,3
DA:36,2
LF:16
LH:16
BRDA:18,0,0,2
BRDA:18,0,1,2
BRF:2
BRH:2
end_of_record
TN:
SF:src/Infrastructures/security/BcryptPasswordHash.js
FN:4,(anonymous_0)
FN:10,(anonymous_1)
FNF:2
FNH:2
FNDA:2,(anonymous_0)
FNDA:2,(anonymous_1)
DA:1,2
DA:5,2
DA:6,2
DA:7,2
DA:11,2
DA:15,2
LF:6
LH:6
BRDA:4,0,0,2
BRF:1
BRH:1
end_of_record
TN:
SF:src/Interfaces/http/api/users/handler.js
FN:4,(anonymous_0)
FN:8,(anonymous_1)
FNF:2
FNH:2
FNDA:8,(anonymous_0)
FNDA:7,(anonymous_1)
DA:1,1
DA:5,8
DA:9,7
DA:10,6
DA:12,1
DA:18,1
DA:19,1
DA:23,1
LF:8
LH:8
BRF:0
BRH:0
end_of_record
TN:
SF:src/Interfaces/http/api/users/index.js
FN:5,(anonymous_0)
FNF:1
FNH:1
FNDA:8,(anonymous_0)
DA:1,1
DA:2,1
DA:3,1
DA:6,8
DA:7,8
LF:5
LH:5
BRF:0
BRH:0
end_of_record
TN:
SF:src/Interfaces/http/api/users/routes.js
FN:1,(anonymous_0)
FN:5,(anonymous_1)
FNF:2
FNH:2
FNDA:8,(anonymous_0)
FNDA:7,(anonymous_1)
DA:1,8
DA:5,7
DA:9,1
LF:3
LH:3
BRF:0
BRH:0
end_of_record
